Build started 9/17/2014 11:21:06 AM.
     1>Project "C:\Users\Lily\Desktop\C++\Project1\Project1\Project1.vcxproj" on node 2 (build target(s)).
     1>InitializeBuildStatus:
         Creating "Release\Project1.unsuccessfulbuild" because "AlwaysCreate" was specified.
       ClCompile:
         All outputs are up-to-date.
         c:\Program Files (x86)\Microsoft Visual Studio 10.0\VC\bin\CL.exe /c /Zi /nologo /W3 /WX- /O2 /Oi /Oy- /GL /D WIN32 /D NDEBUG /D _CONSOLE /D _UNICODE /D UNICODE /Gm- /EHsc /MD /GS /Gy /fp:precise /Zc:wchar_t /Zc:forScope /Yu"StdAfx.h" /Fp"Release\Project1.pch" /Fo"Release\\" /Fd"Release\vc100.pdb" /Gd /TP /analyze- /errorReport:prompt Project1.cpp
         Project1.cpp
     1>Project1.cpp(18): warning C4996: 'fopen': This function or variable may be unsafe. Consider using fopen_s instead. To disable deprecation, use _CRT_SECURE_NO_WARNINGS. See online help for details.
                 c:\Program Files (x86)\Microsoft Visual Studio 10.0\VC\include\stdio.h(234) : see declaration of 'fopen'
     1>Project1.cpp(20): warning C4244: 'argument' : conversion from 'time_t' to 'unsigned int', possible loss of data
     1>Project1.cpp(41): warning C4996: 'sscanf': This function or variable may be unsafe. Consider using sscanf_s instead. To disable deprecation, use _CRT_SECURE_NO_WARNINGS. See online help for details.
                 c:\Program Files (x86)\Microsoft Visual Studio 10.0\VC\include\stdio.h(325) : see declaration of 'sscanf'
       Link:
         c:\Program Files (x86)\Microsoft Visual Studio 10.0\VC\bin\link.exe /ERRORREPORT:PROMPT /OUT:"C:\Users\Lily\Desktop\C++\Project1\Release\Project1.exe" /INCREMENTAL:NO /NOLOGO kernel32.lib user32.lib gdi32.lib winspool.lib comdlg32.lib advapi32.lib shell32.lib ole32.lib oleaut32.lib uuid.lib odbc32.lib odbccp32.lib /MANIFEST /ManifestFile:"Release\Project1.exe.intermediate.manifest" /MANIFESTUAC:"level='asInvoker' uiAccess='false'" /DEBUG /PDB:"C:\Users\Lily\Desktop\C++\Project1\Release\Project1.pdb" /SUBSYSTEM:CONSOLE /OPT:REF /OPT:ICF /LTCG /TLBID:1 /DYNAMICBASE /NXCOMPAT /IMPLIB:"C:\Users\Lily\Desktop\C++\Project1\Release\Project1.lib" /MACHINE:X86 Release\Project1.obj
         Release\stdafx.obj
         Generating code
         Finished generating code
         Project1.vcxproj -> C:\Users\Lily\Desktop\C++\Project1\Release\Project1.exe
       Manifest:
         C:\Program Files (x86)\Microsoft SDKs\Windows\v7.0A\bin\mt.exe /nologo /verbose /outputresource:"C:\Users\Lily\Desktop\C++\Project1\Release\Project1.exe;#1" /manifest Release\Project1.exe.intermediate.manifest
       FinalizeBuildStatus:
         Deleting file "Release\Project1.unsuccessfulbuild".
         Touching "Release\Project1.lastbuildstate".
     1>Done Building Project "C:\Users\Lily\Desktop\C++\Project1\Project1\Project1.vcxproj" (build target(s)).

Build succeeded.

Time Elapsed 00:00:02.96
